#
# There is insufficient memory for the Java Runtime Environment to continue.
# Native memory allocation (malloc) failed to allocate 131088 bytes for Chunk::new
# Possible reasons:
#   The system is out of physical RAM or swap space
#   The process is running with CompressedOops enabled, and the Java Heap may be blocking the growth of the native heap
# Possible solutions:
#   Reduce memory load on the system
#   Increase physical memory or swap space
#   Check if swap backing store is full
#   Decrease Java heap size (-Xmx/-Xms)
#   Decrease number of Java threads
#   Decrease Java thread stack sizes (-Xss)
#   Set larger code cache with -XX:ReservedCodeCacheSize=
#   JVM is running with Unscaled Compressed Oops mode in which the Java heap is
#     placed in the first 4GB address space. The Java Heap base address is the
#     maximum limit for the native heap growth. Please use -XX:HeapBaseMinAddress
#     to set the Java Heap base and to place the Java Heap above 4GB virtual address.
# This output file may be truncated or incomplete.
#
#  Out of Memory Error (allocation.cpp:389), pid=9100, tid=0x0000000000001b48
#
# JRE version: Java(TM) SE Runtime Environment (8.0_211-b12) (build 1.8.0_211-b12)
# Java VM: Java HotSpot(TM) 64-Bit Server VM (25.211-b12 mixed mode windows-amd64 compressed oops)
# Failed to write core dump. Minidumps are not enabled by default on client versions of Windows
#

---------------  T H R E A D  ---------------

Current thread (0x000000001598b000):  JavaThread "C2 CompilerThread0" daemon [_thread_in_native, id=6984, stack(0x0000000017290000,0x0000000017390000)]

Stack: [0x0000000017290000,0x0000000017390000]
[error occurred during error reporting (printing stack bounds), id 0xc0000005]

Native frames: (J=compiled Java code, j=interpreted, Vv=VM code, C=native code)


Current CompileTask:
C2:  15911 4510   !   4       org.apache.catalina.startup.ContextConfig::checkHandlesTypes (453 bytes)


---------------  P R O C E S S  ---------------

Java Threads: ( => current thread )
  0x00000000180c4000 JavaThread "localhost-startStop-1" daemon [_thread_blocked, id=5888, stack(0x000000001d330000,0x000000001d430000)]
  0x000000001ccb1000 JavaThread "Tomcat-startStop-1" daemon [_thread_blocked, id=2088, stack(0x000000001d230000,0x000000001d330000)]
  0x0000000016d23000 JavaThread "Service Thread" daemon [_thread_blocked, id=10048, stack(0x0000000017590000,0x0000000017690000)]
  0x0000000016cab000 JavaThread "C1 CompilerThread2" daemon [_thread_blocked, id=2196, stack(0x0000000017490000,0x0000000017590000)]
  0x0000000016ca2000 JavaThread "C2 CompilerThread1" daemon [_thread_in_native, id=9336, stack(0x0000000017390000,0x0000000017490000)]
=>0x000000001598b000 JavaThread "C2 CompilerThread0" daemon [_thread_in_native, id=6984, stack(0x0000000017290000,0x0000000017390000)]
  0x0000000015989800 JavaThread "Attach Listener" daemon [_thread_blocked, id=116, stack(0x0000000017190000,0x0000000017290000)]
  0x000000001593e800 JavaThread "Signal Dispatcher" daemon [_thread_blocked, id=8220, stack(0x0000000017090000,0x0000000017190000)]
  0x000000000333b800 JavaThread "Finalizer" daemon [_thread_blocked, id=3524, stack(0x0000000016b90000,0x0000000016c90000)]
  0x000000001591a000 JavaThread "Reference Handler" daemon [_thread_blocked, id=3440, stack(0x0000000016a90000,0x0000000016b90000)]
  0x0000000002d4d800 JavaThread "main" [_thread_blocked, id=5152, stack(0x0000000003140000,0x0000000003240000)]

Other Threads:
  0x00000000158f8000 VMThread [stack: 0x0000000016990000,0x0000000016a90000] [id=1228]
  0x0000000016d3d800 WatcherThread [stack: 0x0000000017690000,0x0000000017790000] [id=11180]

VM state:at safepoint (normal execution)

VM Mutex/Monitor currently owned by a thread:  ([mutex/lock_event])
[0x0000000002d4ccf0] Threads_lock - owner thread: 0x00000000158f8000
[0x0000000002d4d170] Heap_lock - owner thread: 0x00000000180c4000

heap address: 0x00000000c1800000, size: 1000 MB, Compressed Oops mode: 32-bit
Narrow klass base: 0x0000000000000000, Narrow klass shift: 3
Compressed class space size: 1073741824 Address: 0x0000000100000000

Heap:
 PSYoungGen      total 115712K, used 115688K [0x00000000eb300000, 0x00000000f3b80000, 0x0000000100000000)
  eden space 104960K, 100% used [0x00000000eb300000,0x00000000f1980000,0x00000000f1980000)
  from space 10752K, 99% used [0x00000000f2d00000,0x00000000f377a218,0x00000000f3780000)
  to   space 4096K, 99% used [0x00000000f3780000,0x00000000f3b7e2a0,0x00000000f3b80000)
 ParOldGen       total 53248K, used 53240K [0x00000000c1800000, 0x00000000c4c00000, 0x00000000eb300000)
  object space 53248K, 99% used [0x00000000c1800000,0x00000000c4bfe148,0x00000000c4c00000)
 Metaspace       used 28642K, capacity 29280K, committed 29568K, reserved 1075200K
  class space    used 3402K, capacity 3623K, committed 3712K, reserved 1048576K

Card table byte_map: [0x0000000012700000,0x0000000012900000] byte_map_base: 0x00000000120f4000

Marking Bits: (ParMarkBitMap*) 0x000000005f255ce0
 Begin Bits: [0x0000000012e50000, 0x0000000013df0000)
 End Bits:   [0x0000000013df0000, 0x0000000014d90000)

Polling page: 0x0000000002d10000

CodeCache: size=245760Kb used=14033Kb max_used=14038Kb free=231726Kb
 bounds [0x0000000003340000, 0x0000000004110000, 0x0000000012340000]
 total_blobs=4372 nmethods=3951 adapters=333
 compilation: enabled

Compilation events (10 events):
Event: 14.447 Thread 0x0000000016ca2000 nmethod 4512 0x00000000040ef550 code [0x00000000040ef6a0, 0x00000000040ef7d8]
Event: 14.467 Thread 0x0000000016ca2000 4513   !   4       org.apache.catalina.startup.ContextConfig::populateJavaClassCache (159 bytes)
Event: 14.604 Thread 0x0000000016cab000 4515       3       org.codehaus.plexus.classworlds.realm.ClassRealm::isImportedFromParent (65 bytes)
Event: 14.606 Thread 0x0000000016cab000 nmethod 4515 0x00000000040eea10 code [0x00000000040eebe0, 0x00000000040ef308]
Event: 14.622 Thread 0x0000000016cab000 4516       3       java.util.HashMap::values (25 bytes)
Event: 14.623 Thread 0x0000000016cab000 nmethod 4516 0x00000000041075d0 code [0x0000000004107740, 0x0000000004107a70]
Event: 14.623 Thread 0x0000000016cab000 4517       3       java.util.HashMap$Values::iterator (12 bytes)
Event: 14.623 Thread 0x0000000016cab000 nmethod 4517 0x0000000004107110 code [0x0000000004107280, 0x00000000041074e8]
Event: 14.623 Thread 0x0000000016cab000 4518       3       java.util.HashMap$ValueIterator::<init> (11 bytes)
Event: 14.623 Thread 0x0000000016cab000 nmethod 4518 0x0000000004106d50 code [0x0000000004106ec0, 0x0000000004107068]

GC Heap History (10 events):
Event: 6.816 GC heap after
Heap after GC invocations=7 (full 0):
 PSYoungGen      total 73728K, used 5385K [0x00000000eb300000, 0x00000000f4200000, 0x0000000100000000)
  eden space 65536K, 0% used [0x00000000eb300000,0x00000000eb300000,0x00000000ef300000)
  from space 8192K, 65% used [0x00000000ef300000,0x00000000ef842790,0x00000000efb00000)
  to   space 7680K, 0% used [0x00000000f3a80000,0x00000000f3a80000,0x00000000f4200000)
 ParOldGen       total 44032K, used 14316K [0x00000000c1800000, 0x00000000c4300000, 0x00000000eb300000)
  object space 44032K, 32% used [0x00000000c1800000,0x00000000c25fb0b8,0x00000000c4300000)
 Metaspace       used 20568K, capacity 21094K, committed 21296K, reserved 1069056K
  class space    used 2488K, capacity 2621K, committed 2688K, reserved 1048576K
}
Event: 6.816 GC heap before
{Heap before GC invocations=8 (full 1):
 PSYoungGen      total 73728K, used 5385K [0x00000000eb300000, 0x00000000f4200000, 0x0000000100000000)
  eden space 65536K, 0% used [0x00000000eb300000,0x00000000eb300000,0x00000000ef300000)
  from space 8192K, 65% used [0x00000000ef300000,0x00000000ef842790,0x00000000efb00000)
  to   space 7680K, 0% used [0x00000000f3a80000,0x00000000f3a80000,0x00000000f4200000)
 ParOldGen       total 44032K, used 14316K [0x00000000c1800000, 0x00000000c4300000, 0x00000000eb300000)
  object space 44032K, 32% used [0x00000000c1800000,0x00000000c25fb0b8,0x00000000c4300000)
 Metaspace       used 20568K, capacity 21094K, committed 21296K, reserved 1069056K
  class space    used 2488K, capacity 2621K, committed 2688K, reserved 1048576K
Event: 7.099 GC heap after
Heap after GC invocations=8 (full 1):
 PSYoungGen      total 73728K, used 0K [0x00000000eb300000, 0x00000000f4200000, 0x0000000100000000)
  eden space 65536K, 0% used [0x00000000eb300000,0x00000000eb300000,0x00000000ef300000)
  from space 8192K, 0% used [0x00000000ef300000,0x00000000ef300000,0x00000000efb00000)
  to   space 7680K, 0% used [0x00000000f3a80000,0x00000000f3a80000,0x00000000f4200000)
 ParOldGen       total 46592K, used 12754K [0x00000000c1800000, 0x00000000c4580000, 0x00000000eb300000)
  object space 46592K, 27% used [0x00000000c1800000,0x00000000c24749d8,0x00000000c4580000)
 Metaspace       used 20568K, capacity 21094K, committed 21296K, reserved 1069056K
  class space    used 2488K, capacity 2621K, committed 2688K, reserved 1048576K
}
Event: 11.813 GC heap before
{Heap before GC invocations=9 (full 1):
 PSYoungGen      total 73728K, used 65536K [0x00000000eb300000, 0x00000000f4200000, 0x0000000100000000)
  eden space 65536K, 100% used [0x00000000eb300000,0x00000000ef300000,0x00000000ef300000)
  from space 8192K, 0% used [0x00000000ef300000,0x00000000ef300000,0x00000000efb00000)
  to   space 7680K, 0% used [0x00000000f3a80000,0x00000000f3a80000,0x00000000f4200000)
 ParOldGen       total 46592K, used 12754K [0x00000000c1800000, 0x00000000c4580000, 0x00000000eb300000)
  object space 46592K, 27% used [0x00000000c1800000,0x00000000c24749d8,0x00000000c4580000)
 Metaspace       used 25631K, capacity 26204K, committed 26368K, reserved 1073152K
  class space    used 3080K, capacity 3280K, committed 3328K, reserved 1048576K
Event: 11.840 GC heap after
Heap after GC invocations=9 (full 1):
 PSYoungGen      total 92160K, used 7654K [0x00000000eb300000, 0x00000000f4200000, 0x0000000100000000)
  eden space 84480K, 0% used [0x00000000eb300000,0x00000000eb300000,0x00000000f0580000)
  from space 7680K, 99% used [0x00000000f3a80000,0x00000000f41f9930,0x00000000f4200000)
  to   space 10752K, 0% used [0x00000000f2d00000,0x00000000f2d00000,0x00000000f3780000)
 ParOldGen       total 46592K, used 18248K [0x00000000c1800000, 0x00000000c4580000, 0x00000000eb300000)
  object space 46592K, 39% used [0x00000000c1800000,0x00000000c29d2038,0x00000000c4580000)
 Metaspace       used 25631K, capacity 26204K, committed 26368K, reserved 1073152K
  class space    used 3080K, capacity 3280K, committed 3328K, reserved 1048576K
}
Event: 13.698 GC heap before
{Heap before GC invocations=10 (full 1):
 PSYoungGen      total 92160K, used 92134K [0x00000000eb300000, 0x00000000f4200000, 0x0000000100000000)
  eden space 84480K, 100% used [0x00000000eb300000,0x00000000f0580000,0x00000000f0580000)
  from space 7680K, 99% used [0x00000000f3a80000,0x00000000f41f9930,0x00000000f4200000)
  to   space 10752K, 0% used [0x00000000f2d00000,0x00000000f2d00000,0x00000000f3780000)
 ParOldGen       total 46592K, used 18248K [0x00000000c1800000, 0x00000000c4580000, 0x00000000eb300000)
  object space 46592K, 39% used [0x00000000c1800000,0x00000000c29d2038,0x00000000c4580000)
 Metaspace       used 28615K, capacity 29280K, committed 29568K, reserved 1075200K
  class space    used 3402K, capacity 3623K, committed 3712K, reserved 1048576K
Event: 13.816 GC heap after
Heap after GC invocations=10 (full 1):
 PSYoungGen      total 115712K, used 10728K [0x00000000eb300000, 0x00000000f3b80000, 0x0000000100000000)
  eden space 104960K, 0% used [0x00000000eb300000,0x00000000eb300000,0x00000000f1980000)
  from space 10752K, 99% used [0x00000000f2d00000,0x00000000f377a218,0x00000000f3780000)
  to   space 4096K, 0% used [0x00000000f3780000,0x00000000f3780000,0x00000000f3b80000)
 ParOldGen       total 46592K, used 30349K [0x00000000c1800000, 0x00000000c4580000, 0x00000000eb300000)
  object space 46592K, 65% used [0x00000000c1800000,0x00000000c35a36a8,0x00000000c4580000)
 Metaspace       used 28615K, capacity 29280K, committed 29568K, reserved 1075200K
  class space    used 3402K, capacity 3623K, committed 3712K, reserved 1048576K
}
Event: 15.213 GC heap before
{Heap before GC invocations=11 (full 1):
 PSYoungGen      total 115712K, used 115688K [0x00000000eb300000, 0x00000000f3b80000, 0x0000000100000000)
  eden space 104960K, 100% used [0x00000000eb300000,0x00000000f1980000,0x00000000f1980000)
  from space 10752K, 99% used [0x00000000f2d00000,0x00000000f377a218,0x00000000f3780000)
  to   space 4096K, 0% used [0x00000000f3780000,0x00000000f3780000,0x00000000f3b80000)
 ParOldGen       total 46592K, used 30349K [0x00000000c1800000, 0x00000000c4580000, 0x00000000eb300000)
  object space 46592K, 65% used [0x00000000c1800000,0x00000000c35a36a8,0x00000000c4580000)
 Metaspace       used 28642K, capacity 29280K, committed 29568K, reserved 1075200K
  class space    used 3402K, capacity 3623K, committed 3712K, reserved 1048576K
Event: 15.530 GC heap after
Heap after GC invocations=11 (full 1):
 PSYoungGen      total 115712K, used 115688K [0x00000000eb300000, 0x00000000f3b80000, 0x0000000100000000)
  eden space 104960K, 100% used [0x00000000eb300000,0x00000000f1980000,0x00000000f1980000)
  from space 10752K, 99% used [0x00000000f2d00000,0x00000000f377a218,0x00000000f3780000)
  to   space 4096K, 99% used [0x00000000f3780000,0x00000000f3b7e2a0,0x00000000f3b80000)
 ParOldGen       total 53248K, used 53240K [0x00000000c1800000, 0x00000000c4c00000, 0x00000000eb300000)
  object space 53248K, 99% used [0x00000000c1800000,0x00000000c4bfe148,0x00000000c4c00000)
 Metaspace       used 28642K, capacity 29280K, committed 29568K, reserved 1075200K
  class space    used 3402K, capacity 3623K, committed 3712K, reserved 1048576K
}
Event: 15.531 GC heap before
{Heap before GC invocations=12 (full 2):
 PSYoungGen      total 115712K, used 115688K [0x00000000eb300000, 0x00000000f3b80000, 0x0000000100000000)
  eden space 104960K, 100% used [0x00000000eb300000,0x00000000f1980000,0x00000000f1980000)
  from space 10752K, 99% used [0x00000000f2d00000,0x00000000f377a218,0x00000000f3780000)
  to   space 4096K, 99% used [0x00000000f3780000,0x00000000f3b7e2a0,0x00000000f3b80000)
 ParOldGen       total 53248K, used 53240K [0x00000000c1800000, 0x00000000c4c00000, 0x00000000eb300000)
  object space 53248K, 99% used [0x00000000c1800000,0x00000000c4bfe148,0x00000000c4c00000)
 Metaspace       used 28642K, capacity 29280K, committed 29568K, reserved 1075200K
  class space    used 3402K, capacity 3623K, committed 3712K, reserved 1048576K

Deoptimization events (10 events):
Event: 13.110 Thread 0x00000000180c4000 Uncommon trap: reason=speculate_class_check action=maybe_recompile pc=0x0000000003cccc54 method=java.nio.charset.CharsetDecoder.reset()Ljava/nio/charset/CharsetDecoder; @ 1
Event: 13.123 Thread 0x00000000180c4000 Uncommon trap: reason=unstable_if action=reinterpret pc=0x0000000003d11d6c method=java.util.concurrent.ConcurrentHashMap.replaceNode(Ljava/lang/Object;Ljava/lang/Object;Ljava/lang/Object;)Ljava/lang/Object; @ 47
Event: 13.475 Thread 0x00000000180c4000 Uncommon trap: reason=unstable_if action=reinterpret pc=0x0000000003ecf2c8 method=java.io.DataInputStream.readUTF(Ljava/io/DataInput;)Ljava/lang/String; @ 112
Event: 13.590 Thread 0x00000000180c4000 Uncommon trap: reason=unstable_if action=reinterpret pc=0x0000000003e3a510 method=org.apache.tomcat.util.bcel.classfile.ConstantUtf8$1.removeEldestEntry(Ljava/util/Map$Entry;)Z @ 7
Event: 13.657 Thread 0x00000000180c4000 Uncommon trap: reason=unstable_if action=reinterpret pc=0x0000000003cf550c method=java.util.LinkedHashMap.afterNodeAccess(Ljava/util/HashMap$Node;)V @ 41
Event: 13.671 Thread 0x00000000180c4000 Uncommon trap: reason=unstable_if action=reinterpret pc=0x00000000035af920 method=java.util.HashMap.removeNode(ILjava/lang/Object;Ljava/lang/Object;ZZ)Ljava/util/HashMap$Node; @ 71
Event: 13.857 Thread 0x00000000180c4000 Uncommon trap: reason=unstable_if action=reinterpret pc=0x0000000003fea7bc method=java.util.HashMap.removeNode(ILjava/lang/Object;Ljava/lang/Object;ZZ)Ljava/util/HashMap$Node; @ 71
Event: 13.862 Thread 0x00000000180c4000 Uncommon trap: reason=unstable_if action=reinterpret pc=0x0000000003fd4bec method=org.apache.tomcat.util.bcel.classfile.Attribute.readAttribute(Ljava/io/DataInputStream;Lorg/apache/tomcat/util/bcel/classfile/ConstantPool;)Lorg/apache/tomcat/util/bcel/clas
Event: 14.000 Thread 0x00000000180c4000 Uncommon trap: reason=unloaded action=reinterpret pc=0x00000000040b6228 method=org.apache.tomcat.util.bcel.classfile.Attribute.readAttribute(Ljava/io/DataInputStream;Lorg/apache/tomcat/util/bcel/classfile/ConstantPool;)Lorg/apache/tomcat/util/bcel/classfi
Event: 14.240 Thread 0x00000000180c4000 Uncommon trap: reason=unstable_if action=reinterpret pc=0x000000000346c2d8 method=org.codehaus.plexus.classworlds.realm.Entry.matches(Ljava/lang/String;)Z @ 209

Classes redefined (0 events):
No events

Internal exceptions (10 events):
Event: 6.229 Thread 0x0000000002d4d800 Implicit null exception at 0x0000000003c1a72d to 0x0000000003c1b8a9
Event: 6.282 Thread 0x0000000002d4d800 Exception <a 'java/lang/ClassNotFoundException': com/sun/tools/javac/api/JavacTool> (0x00000000eb4d5f68) thrown at [C:\re\workspace\8-2-build-windows-amd64-cygwin\jdk8u211\12973\hotspot\src\share\vm\classfile\systemDictionary.cpp, line 210]
Event: 7.862 Thread 0x0000000002d4d800 Exception <a 'java/io/FileNotFoundException'> (0x00000000eb974690) thrown at [C:\re\workspace\8-2-build-windows-amd64-cygwin\jdk8u211\12973\hotspot\src\share\vm\prims\jni.cpp, line 710]
Event: 7.900 Thread 0x0000000002d4d800 Exception <a 'java/io/FileNotFoundException'> (0x00000000eb9a8b80) thrown at [C:\re\workspace\8-2-build-windows-amd64-cygwin\jdk8u211\12973\hotspot\src\share\vm\prims\jni.cpp, line 710]
Event: 10.301 Thread 0x0000000002d4d800 Exception <a 'java/io/FileNotFoundException'> (0x00000000ee7a8608) thrown at [C:\re\workspace\8-2-build-windows-amd64-cygwin\jdk8u211\12973\hotspot\src\share\vm\prims\jni.cpp, line 710]
Event: 12.791 Thread 0x00000000180c4000 Implicit null exception at 0x0000000003e5068c to 0x0000000003e50e55
Event: 12.853 Thread 0x00000000180c4000 Implicit null exception at 0x00000000035d8f56 to 0x00000000035d92f1
Event: 12.853 Thread 0x00000000180c4000 Implicit null exception at 0x000000000355dd56 to 0x000000000355e0ed
Event: 13.123 Thread 0x00000000180c4000 Implicit null exception at 0x0000000003d117e9 to 0x0000000003d11d31
Event: 13.657 Thread 0x00000000180c4000 Implicit null exception at 0x0000000003cf52b2 to 0x0000000003cf54e5

Events (10 events):
Event: 14.000 Thread 0x00000000180c4000 DEOPT PACKING pc=0x00000000040b6228 sp=0x000000001d42e800
Event: 14.000 Thread 0x00000000180c4000 DEOPT UNPACKING pc=0x000000000338583b sp=0x000000001d42e7c0 mode 2
Event: 14.240 Thread 0x00000000180c4000 Uncommon trap: trap_request=0xffffff65 fr.pc=0x000000000346c2d8
Event: 14.240 Thread 0x00000000180c4000 DEOPT PACKING pc=0x000000000346c2d8 sp=0x000000001d42e570
Event: 14.240 Thread 0x00000000180c4000 DEOPT UNPACKING pc=0x000000000338583b sp=0x000000001d42e550 mode 2
Event: 14.877 Executing VM operation: RevokeBias
Event: 14.877 Executing VM operation: RevokeBias done
Event: 15.100 Executing VM operation: RevokeBias
Event: 15.100 Executing VM operation: RevokeBias done
Event: 15.172 Executing VM operation: ParallelGCFailedAllocation


Dynamic libraries:
0x00007ff7bf9a0000 - 0x00007ff7bf9d7000 	D:\jdk\bin\javaw.exe
0x00007fff2d8c0000 - 0x00007fff2daad000 	C:\Windows\SYSTEM32\ntdll.dll
0x00007fff2d760000 - 0x00007fff2d813000 	C:\Windows\System32\KERNEL32.DLL
0x00007fff2a000000 - 0x00007fff2a293000 	C:\Windows\System32\KERNELBASE.dll
0x00007fff2cc40000 - 0x00007fff2cce3000 	C:\Windows\System32\ADVAPI32.DLL
0x00007fff2d370000 - 0x00007fff2d40e000 	C:\Windows\System32\msvcrt.dll
0x00007fff2d6c0000 - 0x00007fff2d75e000 	C:\Windows\System32\sechost.dll
0x00007fff2d240000 - 0x00007fff2d362000 	C:\Windows\System32\RPCRT4.dll
0x00007fff2caa0000 - 0x00007fff2cc37000 	C:\Windows\System32\USER32.dll
0x00007fff2a300000 - 0x00007fff2a320000 	C:\Windows\System32\win32u.dll
0x00007fff2cd50000 - 0x00007fff2cd79000 	C:\Windows\System32\GDI32.dll
0x00007fff29d60000 - 0x00007fff29efa000 	C:\Windows\System32\gdi32full.dll
0x00007fff29990000 - 0x00007fff29a30000 	C:\Windows\System32\msvcp_win.dll
0x00007fff29a30000 - 0x00007fff29b2c000 	C:\Windows\System32\ucrtbase.dll
0x00007fff19850000 - 0x00007fff19ac9000 	C:\Windows\WinSxS\amd64_microsoft.windows.common-controls_6595b64144ccf1df_6.0.17763.194_none_05b3366207211c42\COMCTL32.dll
0x00007fff2ce10000 - 0x00007fff2d13d000 	C:\Windows\System32\combase.dll
0x00007fff2aa70000 - 0x00007fff2aaee000 	C:\Windows\System32\bcryptPrimitives.dll
0x00007fff2ac60000 - 0x00007fff2ac8e000 	C:\Windows\System32\IMM32.DLL
0x000000005f2e0000 - 0x000000005f3b2000 	D:\jdk\jre\bin\msvcr100.dll
0x000000005ea30000 - 0x000000005f2d5000 	D:\jdk\jre\bin\server\jvm.dll
0x00007fff2d880000 - 0x00007fff2d888000 	C:\Windows\System32\PSAPI.DLL
0x00007fff1cee0000 - 0x00007fff1ceea000 	C:\Windows\SYSTEM32\VERSION.dll
0x00007fff27460000 - 0x00007fff27484000 	C:\Windows\SYSTEM32\WINMM.dll
0x00007fff1dc80000 - 0x00007fff1dc89000 	C:\Windows\SYSTEM32\WSOCK32.dll
0x00007fff2d150000 - 0x00007fff2d1bd000 	C:\Windows\System32\WS2_32.dll
0x00007fff27400000 - 0x00007fff2742d000 	C:\Windows\SYSTEM32\winmmbase.dll
0x00007fff29b30000 - 0x00007fff29b7a000 	C:\Windows\System32\cfgmgr32.dll
0x00007fff203b0000 - 0x00007fff203bf000 	D:\jdk\jre\bin\verify.dll
0x00007fff18ab0000 - 0x00007fff18ad9000 	D:\jdk\jre\bin\java.dll
0x00007fff19820000 - 0x00007fff19836000 	D:\jdk\jre\bin\zip.dll
0x00007fff2ae40000 - 0x00007fff2c32f000 	C:\Windows\System32\SHELL32.dll
0x00007fff2c460000 - 0x00007fff2c508000 	C:\Windows\System32\shcore.dll
0x00007fff2a320000 - 0x00007fff2aa6a000 	C:\Windows\System32\windows.storage.dll
0x00007fff29960000 - 0x00007fff29984000 	C:\Windows\System32\profapi.dll
0x00007fff298c0000 - 0x00007fff2991d000 	C:\Windows\System32\powrprof.dll
0x00007fff2d820000 - 0x00007fff2d872000 	C:\Windows\System32\shlwapi.dll
0x00007fff29920000 - 0x00007fff29931000 	C:\Windows\System32\kernel.appcore.dll
0x00007fff29fe0000 - 0x00007fff29ff7000 	C:\Windows\System32\cryptsp.dll
0x00007fff18d40000 - 0x00007fff18d5a000 	D:\jdk\jre\bin\net.dll
0x00007fff1b020000 - 0x00007fff1b1f7000 	C:\Windows\SYSTEM32\urlmon.dll
0x00007fff1b3b0000 - 0x00007fff1b658000 	C:\Windows\SYSTEM32\iertutil.dll
0x00007fff292f0000 - 0x00007fff292fc000 	C:\Windows\SYSTEM32\CRYPTBASE.DLL
0x00007fff29120000 - 0x00007fff29187000 	C:\Windows\system32\mswsock.dll
0x00007fff18810000 - 0x00007fff18822000 	D:\jdk\jre\bin\nio.dll
0x00007fff28ce0000 - 0x00007fff28d13000 	C:\Windows\system32\rsaenh.dll
0x00007fff29f00000 - 0x00007fff29f26000 	C:\Windows\System32\bcrypt.dll
0x00007fff297c0000 - 0x00007fff297e8000 	C:\Windows\SYSTEM32\USERENV.dll
0x00007fff28e80000 - 0x00007fff28ebd000 	C:\Windows\SYSTEM32\IPHLPAPI.DLL
0x00007fff2d140000 - 0x00007fff2d148000 	C:\Windows\System32\NSI.dll
0x00007fff15e90000 - 0x00007fff15ea6000 	C:\Windows\SYSTEM32\dhcpcsvc6.DLL
0x00007fff15e70000 - 0x00007fff15e8c000 	C:\Windows\SYSTEM32\dhcpcsvc.DLL
0x00007fff28ec0000 - 0x00007fff28f86000 	C:\Windows\SYSTEM32\DNSAPI.dll
0x00007fff1f1a0000 - 0x00007fff1f1ad000 	D:\jdk\jre\bin\management.dll

VM Arguments:
jvm_args: -Dmaven.home=D:\e3\apache-maven-3.3.9-bin -Dclassworlds.conf=D:\e3\myproject\.metadata\.plugins\org.eclipse.m2e.launching\launches\m2conf3755463568651420072.tmp -Dmaven.multiModuleProjectDirectory=D:\e3\myproject\e3-sso-web -Dfile.encoding=UTF-8 
java_command: org.codehaus.plexus.classworlds.launcher.Launcher -B -s D:\e3\apache-maven-3.3.9-bin\conf\settings.xml clean tomcat7:run
java_class_path (initial): D:\e3\apache-maven-3.3.9-bin\boot\plexus-classworlds-2.5.2.jar
Launcher Type: SUN_STANDARD

Environment Variables:
JAVA_HOME=D:\jdk
PATH=C:/Program Files/Java/jre1.8.0_211/bin/server;C:/Program Files/Java/jre1.8.0_211/bin;C:/Program Files/Java/jre1.8.0_211/lib/amd64;C:\Program Files (x86)\Common Files\Oracle\Java\javapath;C:\Windows\system32;C:\Windows;C:\Windows\System32\Wbem;C:\Windows\System32\WindowsPowerShell\v1.0\;C:\Windows\System32\OpenSSH\;D:\jdk\bin;C:\Program Files\MySQL\MySQL Utilities 1.6\;C:\Program Files\MySQL\MySQL Server 5.7\bin;D:\apache-maven-3.3.9-bin\bin;D:\git\Git\cmd;C:\Users\Administrator\AppData\Local\Microsoft\WindowsApps;;D:\eclipse\eclipse;
USERNAME=Administrator
OS=Windows_NT
PROCESSOR_IDENTIFIER=Intel64 Family 6 Model 78 Stepping 3, GenuineIntel



---------------  S Y S T E M  ---------------

OS: Windows 10.0 , 64 bit Build 17763 (10.0.17763.1)

CPU:total 4 (initial active 4) (2 cores per cpu, 2 threads per core) family 6 model 78 stepping 3, cmov, cx8, fxsr, mmx, sse, sse2, sse3, ssse3, sse4.1, sse4.2, popcnt, avx, avx2, aes, clmul, erms, 3dnowpref, lzcnt, ht, tsc, tscinvbit, bmi1, bmi2, adx

Memory: 4k page, physical 4091036k(177296k free), swap 14577048k(0k free)

vm_info: Java HotSpot(TM) 64-Bit Server VM (25.211-b12) for windows-amd64 JRE (1.8.0_211-b12), built on Apr  1 2019 20:53:26 by "java_re" with MS VC++ 10.0 (VS2010)

time: Wed Sep 25 22:02:27 2019
timezone: 中国标准时间
elapsed time: 15 seconds (0d 0h 0m 15s)

